# Logfile created on Fri Dec 18 15:05:16 +0530 2009  [4;36;1mSQL (0.2ms)[0m   [0;1mSET NAMES 'utf8'[0m
  [4;35;1mSQL (0.1ms)[0m   [0mSET SQL_AUTO_IS_NULL=0[0m
  [4;36;1mSQL (0.1ms)[0m   [0;1mBEGIN[0m
  [4;35;1mSQL (0.1ms)[0m   [0mROLLBACK[0m
  [4;36;1mSQL (0.1ms)[0m   [0;1mSET NAMES 'utf8'[0m
  [4;35;1mSQL (0.1ms)[0m   [0mSET SQL_AUTO_IS_NULL=0[0m
  [4;36;1mSQL (0.0ms)[0m   [0;1mBEGIN[0m
  [4;35;1mSQL (0.1ms)[0m   [0mROLLBACK[0m
  [4;36;1mSQL (0.2ms)[0m   [0;1mSET NAMES 'utf8'[0m
  [4;35;1mSQL (0.1ms)[0m   [0mSET SQL_AUTO_IS_NULL=0[0m
  [4;36;1mSQL (0.0ms)[0m   [0;1mBEGIN[0m
  [4;35;1mSQL (0.1ms)[0m   [0mROLLBACK[0m
  [4;36;1mSQL (0.1ms)[0m   [0;1mSET NAMES 'utf8'[0m
  [4;35;1mSQL (0.2ms)[0m   [0mSET SQL_AUTO_IS_NULL=0[0m
  [4;36;1mSQL (0.1ms)[0m   [0;1mBEGIN[0m
  [4;35;1mUser Columns (0.9ms)[0m   [0mSHOW FIELDS FROM `users`[0m
  [4;36;1mUser Exists (0.4ms)[0m   [0;1mSELECT `users`.id FROM `users` WHERE (`users`.`username` = BINARY 'thillai') LIMIT 1[0m
  [4;35;1mUser Create (0.2ms)[0m   [0mINSERT INTO `users` (`updated_at`, `username`, `created_at`) VALUES('2009-12-18 11:45:07', 'thillai', '2009-12-18 11:45:07')[0m
  [4;36;1mUser Exists (0.3ms)[0m   [0;1mSELECT `users`.id FROM `users` WHERE (`users`.`username` = BINARY ' arasu') LIMIT 1[0m
  [4;35;1mUser Create (0.2ms)[0m   [0mINSERT INTO `users` (`updated_at`, `username`, `created_at`) VALUES('2009-12-18 11:45:07', ' arasu', '2009-12-18 11:45:07')[0m
  [4;36;1mSQL (2.6ms)[0m   [0;1mROLLBACK[0m
  [4;36;1mSQL (0.1ms)[0m   [0;1mSET NAMES 'utf8'[0m
  [4;35;1mSQL (0.1ms)[0m   [0mSET SQL_AUTO_IS_NULL=0[0m
  [4;36;1mSQL (0.0ms)[0m   [0;1mBEGIN[0m
  [4;35;1mUser Columns (0.6ms)[0m   [0mSHOW FIELDS FROM `users`[0m
  [4;36;1mUser Exists (0.3ms)[0m   [0;1mSELECT `users`.id FROM `users` WHERE (`users`.`username` = BINARY 'thillai') LIMIT 1[0m
  [4;35;1mUser Create (0.1ms)[0m   [0mINSERT INTO `users` (`updated_at`, `username`, `created_at`) VALUES('2009-12-18 13:44:01', 'thillai', '2009-12-18 13:44:01')[0m
  [4;36;1mUser Exists (0.1ms)[0m   [0;1mSELECT `users`.id FROM `users` WHERE (`users`.`username` = BINARY ' arasu') LIMIT 1[0m
  [4;35;1mUser Create (0.1ms)[0m   [0mINSERT INTO `users` (`updated_at`, `username`, `created_at`) VALUES('2009-12-18 13:44:01', ' arasu', '2009-12-18 13:44:01')[0m
  [4;36;1mSQL (5.6ms)[0m   [0;1mROLLBACK[0m
  [4;36;1mSQL (0.1ms)[0m   [0;1mSET NAMES 'utf8'[0m
  [4;35;1mSQL (0.1ms)[0m   [0mSET SQL_AUTO_IS_NULL=0[0m
  [4;36;1mSQL (0.1ms)[0m   [0;1mBEGIN[0m
  [4;35;1mUser Columns (0.6ms)[0m   [0mSHOW FIELDS FROM `users`[0m
  [4;36;1mUser Exists (0.3ms)[0m   [0;1mSELECT `users`.id FROM `users` WHERE (`users`.`username` = BINARY 'thillai') LIMIT 1[0m
  [4;35;1mUser Create (0.1ms)[0m   [0mINSERT INTO `users` (`updated_at`, `username`, `created_at`) VALUES('2009-12-18 13:45:03', 'thillai', '2009-12-18 13:45:03')[0m
  [4;36;1mUser Exists (0.2ms)[0m   [0;1mSELECT `users`.id FROM `users` WHERE (`users`.`username` = BINARY ' arasu') LIMIT 1[0m
  [4;35;1mUser Create (0.1ms)[0m   [0mINSERT INTO `users` (`updated_at`, `username`, `created_at`) VALUES('2009-12-18 13:45:03', ' arasu', '2009-12-18 13:45:03')[0m
REQUESTING PAGE: GET /users with {} and HTTP headers {}
  [4;36;1mSQL (2.9ms)[0m   [0;1mROLLBACK[0m
  [4;36;1mSQL (0.2ms)[0m   [0;1mSET NAMES 'utf8'[0m
  [4;35;1mSQL (0.1ms)[0m   [0mSET SQL_AUTO_IS_NULL=0[0m
  [4;36;1mSQL (0.0ms)[0m   [0;1mBEGIN[0m
  [4;35;1mUser Columns (0.6ms)[0m   [0mSHOW FIELDS FROM `users`[0m
  [4;36;1mUser Exists (0.3ms)[0m   [0;1mSELECT `users`.id FROM `users` WHERE (`users`.`username` = BINARY 'thillai') LIMIT 1[0m
  [4;35;1mUser Create (0.1ms)[0m   [0mINSERT INTO `users` (`updated_at`, `username`, `created_at`) VALUES('2009-12-18 13:57:27', 'thillai', '2009-12-18 13:57:27')[0m
  [4;36;1mUser Exists (0.1ms)[0m   [0;1mSELECT `users`.id FROM `users` WHERE (`users`.`username` = BINARY ' arasu') LIMIT 1[0m
  [4;35;1mUser Create (0.1ms)[0m   [0mINSERT INTO `users` (`updated_at`, `username`, `created_at`) VALUES('2009-12-18 13:57:27', ' arasu', '2009-12-18 13:57:27')[0m
REQUESTING PAGE: GET /users with {} and HTTP headers {}
  [4;36;1mSQL (7.8ms)[0m   [0;1mROLLBACK[0m
